生成启动时间为 2018/12/1 19:05:51。
     1>项目“C:\Users\argon\Desktop\CG - 4\光线投射\distrib\a4.vcxproj”在节点 2 上(build 个目标)。
     1>InitializeBuildStatus:
         正在创建“Release\a4.unsuccessfulbuild”，因为已指定“AlwaysCreate”。
       ClCompile:
         C:\Program Files (x86)\Microsoft Visual Studio 10.0\VC\bin\CL.exe /c /Ivecmath/include /Zi /nologo /W3 /WX- /O2 /Oy- /D WIN32 /D NDEBUG /D _CONSOLE /Gm- /EHsc /MD /GS /fp:precise /Zc:wchar_t /Zc:forScope /Fo"Release\\" /Fd"Release\vc100.pdb" /Gd /TP /analyze- /errorReport:prompt SceneParser.cpp main.cpp
         SceneParser.cpp
     1>c:\users\argon\desktop\cg - 4\光线投射\distrib\Camera.h(56): warning C4244: “初始化”: 从“double”转换到“float”，可能丢失数据
     1>SceneParser.cpp(42): warning C4996: 'fopen': This function or variable may be unsafe. Consider using fopen_s instead. To disable deprecation, use _CRT_SECURE_NO_WARNINGS. See online help for details.
                 C:\Program Files (x86)\Microsoft Visual Studio 10.0\VC\include\stdio.h(234) : 参见“fopen”的声明
     1>SceneParser.cpp(117): warning C4244: “初始化”: 从“double”转换到“float”，可能丢失数据
     1>SceneParser.cpp(401): warning C4244: “参数”: 从“double”转换到“float”，可能丢失数据
     1>SceneParser.cpp(403): warning C4244: “参数”: 从“double”转换到“float”，可能丢失数据
     1>SceneParser.cpp(405): warning C4244: “参数”: 从“double”转换到“float”，可能丢失数据
     1>SceneParser.cpp(410): warning C4244: “初始化”: 从“double”转换到“float”，可能丢失数据
     1>SceneParser.cpp(444): warning C4996: 'fscanf': This function or variable may be unsafe. Consider using fscanf_s instead. To disable deprecation, use _CRT_SECURE_NO_WARNINGS. See online help for details.
                 C:\Program Files (x86)\Microsoft Visual Studio 10.0\VC\include\stdio.h(253) : 参见“fscanf”的声明
     1>SceneParser.cpp(455): warning C4996: 'fscanf': This function or variable may be unsafe. Consider using fscanf_s instead. To disable deprecation, use _CRT_SECURE_NO_WARNINGS. See online help for details.
                 C:\Program Files (x86)\Microsoft Visual Studio 10.0\VC\include\stdio.h(253) : 参见“fscanf”的声明
     1>SceneParser.cpp(466): warning C4996: 'fscanf': This function or variable may be unsafe. Consider using fscanf_s instead. To disable deprecation, use _CRT_SECURE_NO_WARNINGS. See online help for details.
                 C:\Program Files (x86)\Microsoft Visual Studio 10.0\VC\include\stdio.h(253) : 参见“fscanf”的声明
     1>SceneParser.cpp(477): warning C4996: 'fscanf': This function or variable may be unsafe. Consider using fscanf_s instead. To disable deprecation, use _CRT_SECURE_NO_WARNINGS. See online help for details.
                 C:\Program Files (x86)\Microsoft Visual Studio 10.0\VC\include\stdio.h(253) : 参见“fscanf”的声明
     1>SceneParser.cpp(488): warning C4996: 'fscanf': This function or variable may be unsafe. Consider using fscanf_s instead. To disable deprecation, use _CRT_SECURE_NO_WARNINGS. See online help for details.
                 C:\Program Files (x86)\Microsoft Visual Studio 10.0\VC\include\stdio.h(253) : 参见“fscanf”的声明
         main.cpp
     1>c:\users\argon\desktop\cg - 4\光线投射\distrib\Camera.h(56): warning C4244: “初始化”: 从“double”转换到“float”，可能丢失数据
     1>main.cpp(49): warning C4244: “参数”: 从“int”转换到“float”，可能丢失数据
     1>main.cpp(49): warning C4244: “参数”: 从“int”转换到“float”，可能丢失数据
         正在生成代码...
       ManifestResourceCompile:
         所有输出均为最新。
       Link:
         C:\Program Files (x86)\Microsoft Visual Studio 10.0\VC\bin\link.exe /ERRORREPORT:PROMPT /OUT:"C:\Users\argon\Desktop\CG - 4\光线投射\distrib\Release\a4.exe" /INCREMENTAL /NOLOGO kernel32.lib user32.lib gdi32.lib winspool.lib comdlg32.lib advapi32.lib shell32.lib ole32.lib oleaut32.lib uuid.lib odbc32.lib odbccp32.lib /MANIFEST /ManifestFile:"Release\a4.exe.intermediate.manifest" /MANIFESTUAC:"level='asInvoker' uiAccess='false'" /DEBUG /PDB:"C:\Users\argon\Desktop\CG - 4\光线投射\distrib\Release\a4.pdb" /SUBSYSTEM:CONSOLE /OPT:REF /OPT:ICF /TLBID:1 /DYNAMICBASE /NXCOMPAT /IMPLIB:"C:\Users\argon\Desktop\CG - 4\光线投射\distrib\Release\a4.lib" /MACHINE:X86 Release\a4.exe.embed.manifest.res
         Release\Image.obj
         Release\main.obj
         Release\Mesh.obj
         Release\SceneParser.obj
         Release\texture.obj
         Release\Matrix2f.obj
         Release\Matrix3f.obj
         Release\Matrix4f.obj
         Release\Quat4f.obj
         Release\Vector2f.obj
         Release\Vector3f.obj
         Release\Vector4f.obj
     1>LINK : warning LNK4075: 忽略“/INCREMENTAL”(由于“/OPT:ICF”规范)
       Manifest:
         C:\Program Files (x86)\Microsoft SDKs\Windows\v7.0A\bin\mt.exe /nologo /verbose /out:"Release\a4.exe.embed.manifest" /manifest Release\a4.exe.intermediate.manifest
         所有输出均为最新。
       LinkEmbedManifest:
         所有输出均为最新。
         a4.vcxproj -> C:\Users\argon\Desktop\CG - 4\光线投射\distrib\Release\a4.exe
       FinalizeBuildStatus:
         正在删除文件“Release\a4.unsuccessfulbuild”。
         正在对“Release\a4.lastbuildstate”执行 Touch 任务。
     1>已完成生成项目“C:\Users\argon\Desktop\CG - 4\光线投射\distrib\a4.vcxproj”(build 个目标)的操作。

生成成功。

已用时间 00:00:02.39
